# JRE version: OpenJDK Runtime Environment Temurin-17.0.2+8 (17.0.2+8) (build 17.0.2+8)
# Java VM: OpenJDK 64-Bit Server VM Temurin-17.0.2+8 (17.0.2+8, mixed mode, tiered, compressed oops, compressed class ptrs, parallel gc, windows-amd64)
GC Precious Log:
 CPUs: 12 total, 12 available
 Memory: 16324M
 Large Page Support: Disabled
 NUMA Support: Disabled
 Compressed Oops: Enabled (32-bit)
 Alignments: Space 512K, Generation 512K, Heap 2M
 Heap Min Capacity: 100M
 Heap Initial Capacity: 100M
 Heap Max Capacity: 1G
 Pre-touch: Disabled
 Parallel Workers: 10
Heap:
 PSYoungGen      total 2560K, used 1783K [0x00000000eab00000, 0x00000000eaf00000, 0x0000000100000000)
  eden space 2048K, 87% used [0x00000000eab00000,0x00000000eacbdf10,0x00000000ead00000)
  from space 512K, 0% used [0x00000000eae80000,0x00000000eae80000,0x00000000eaf00000)
  to   space 1024K, 0% used [0x00000000ead00000,0x00000000ead00000,0x00000000eae00000)
 ParOldGen       total 125440K, used 98119K [0x00000000c0000000, 0x00000000c7a80000, 0x00000000eab00000)
  object space 125440K, 78% used [0x00000000c0000000,0x00000000c5fd1d28,0x00000000c7a80000)
 Metaspace       used 84157K, committed 85248K, reserved 1130496K
  class space    used 9849K, committed 10368K, reserved 1048576K
GC Heap History (20 events):
Event: 321.894 GC heap before
{Heap before GC invocations=712 (full 23):
 PSYoungGen      total 3072K, used 2720K [0x00000000eab00000, 0x00000000eaf00000, 0x0000000100000000)
  eden space 2048K, 100% used [0x00000000eab00000,0x00000000ead00000,0x00000000ead00000)
  from space 1024K, 65% used [0x00000000eae00000,0x00000000eaea8000,0x00000000eaf00000)
  to   space 1024K, 0% used [0x00000000ead00000,0x00000000ead00000,0x00000000eae00000)
 ParOldGen       total 132608K, used 125945K [0x00000000c0000000, 0x00000000c8180000, 0x00000000eab00000)
  object space 132608K, 94% used [0x00000000c0000000,0x00000000c7afe740,0x00000000c8180000)
 Metaspace       used 83989K, committed 85120K, reserved 1130496K
  class space    used 9833K, committed 10368K, reserved 1048576K
}
Event: 321.894 GC heap after
{Heap after GC invocations=712 (full 23):
 PSYoungGen      total 3072K, used 724K [0x00000000eab00000, 0x00000000eaf00000, 0x0000000100000000)
  eden space 2048K, 0% used [0x00000000eab00000,0x00000000eab00000,0x00000000ead00000)
  from space 1024K, 70% used [0x00000000ead00000,0x00000000eadb5200,0x00000000eae00000)
  to   space 1024K, 0% used [0x00000000eae00000,0x00000000eae00000,0x00000000eaf00000)
 ParOldGen       total 132608K, used 126481K [0x00000000c0000000, 0x00000000c8180000, 0x00000000eab00000)
  object space 132608K, 95% used [0x00000000c0000000,0x00000000c7b84740,0x00000000c8180000)
 Metaspace       used 83989K, committed 85120K, reserved 1130496K
  class space    used 9833K, committed 10368K, reserved 1048576K
}
Event: 323.293 GC heap before
{Heap before GC invocations=713 (full 23):
 PSYoungGen      total 3072K, used 2772K [0x00000000eab00000, 0x00000000eaf00000, 0x0000000100000000)
  eden space 2048K, 100% used [0x00000000eab00000,0x00000000ead00000,0x00000000ead00000)
  from space 1024K, 70% used [0x00000000ead00000,0x00000000eadb5200,0x00000000eae00000)
  to   space 1024K, 0% used [0x00000000eae00000,0x00000000eae00000,0x00000000eaf00000)
 ParOldGen       total 132608K, used 126481K [0x00000000c0000000, 0x00000000c8180000, 0x00000000eab00000)
  object space 132608K, 95% used [0x00000000c0000000,0x00000000c7b84740,0x00000000c8180000)
 Metaspace       used 83990K, committed 85120K, reserved 1130496K
  class space    used 9833K, committed 10368K, reserved 1048576K
}
Event: 323.294 GC heap after
{Heap after GC invocations=713 (full 23):
 PSYoungGen      total 3072K, used 506K [0x00000000eab00000, 0x00000000eaf00000, 0x0000000100000000)
  eden space 2048K, 0% used [0x00000000eab00000,0x00000000eab00000,0x00000000ead00000)
  from space 1024K, 49% used [0x00000000eae00000,0x00000000eae7e900,0x00000000eaf00000)
  to   space 1024K, 0% used [0x00000000ead00000,0x00000000ead00000,0x00000000eae00000)
 ParOldGen       total 132608K, used 126573K [0x00000000c0000000, 0x00000000c8180000, 0x00000000eab00000)
  object space 132608K, 95% used [0x00000000c0000000,0x00000000c7b9b4d0,0x00000000c8180000)
 Metaspace       used 83990K, committed 85120K, reserved 1130496K
  class space    used 9833K, committed 10368K, reserved 1048576K
}
Event: 323.303 GC heap before
{Heap before GC invocations=714 (full 23):
 PSYoungGen      total 3072K, used 2554K [0x00000000eab00000, 0x00000000eaf00000, 0x0000000100000000)
  eden space 2048K, 99% used [0x00000000eab00000,0x00000000eacfffd0,0x00000000ead00000)
  from space 1024K, 49% used [0x00000000eae00000,0x00000000eae7e900,0x00000000eaf00000)
  to   space 1024K, 0% used [0x00000000ead00000,0x00000000ead00000,0x00000000eae00000)
 ParOldGen       total 132608K, used 126573K [0x00000000c0000000, 0x00000000c8180000, 0x00000000eab00000)
  object space 132608K, 95% used [0x00000000c0000000,0x00000000c7b9b4d0,0x00000000c8180000)
 Metaspace       used 83991K, committed 85120K, reserved 1130496K
  class space    used 9833K, committed 10368K, reserved 1048576K
}
Event: 323.304 GC heap after
{Heap after GC invocations=714 (full 23):
 PSYoungGen      total 3072K, used 832K [0x00000000eab00000, 0x00000000eaf00000, 0x0000000100000000)
  eden space 2048K, 0% used [0x00000000eab00000,0x00000000eab00000,0x00000000ead00000)
  from space 1024K, 81% used [0x00000000ead00000,0x00000000eadd0000,0x00000000eae00000)
  to   space 1024K, 0% used [0x00000000eae00000,0x00000000eae00000,0x00000000eaf00000)
 ParOldGen       total 132608K, used 126928K [0x00000000c0000000, 0x00000000c8180000, 0x00000000eab00000)
  object space 132608K, 95% used [0x00000000c0000000,0x00000000c7bf43a8,0x00000000c8180000)
 Metaspace       used 83991K, committed 85120K, reserved 1130496K
  class space    used 9833K, committed 10368K, reserved 1048576K
}
Event: 323.315 GC heap before
{Heap before GC invocations=715 (full 23):
 PSYoungGen      total 3072K, used 2819K [0x00000000eab00000, 0x00000000eaf00000, 0x0000000100000000)
  eden space 2048K, 97% used [0x00000000eab00000,0x00000000eacf0f18,0x00000000ead00000)
  from space 1024K, 81% used [0x00000000ead00000,0x00000000eadd0000,0x00000000eae00000)
  to   space 1024K, 0% used [0x00000000eae00000,0x00000000eae00000,0x00000000eaf00000)
 ParOldGen       total 132608K, used 129300K [0x00000000c0000000, 0x00000000c8180000, 0x00000000eab00000)
  object space 132608K, 97% used [0x00000000c0000000,0x00000000c7e45258,0x00000000c8180000)
 Metaspace       used 84006K, committed 85120K, reserved 1130496K
  class space    used 9833K, committed 10368K, reserved 1048576K
}
Event: 323.316 GC heap after
{Heap after GC invocations=715 (full 23):
 PSYoungGen      total 3072K, used 832K [0x00000000eab00000, 0x00000000eaf00000, 0x0000000100000000)
  eden space 2048K, 0% used [0x00000000eab00000,0x00000000eab00000,0x00000000ead00000)
  from space 1024K, 81% used [0x00000000eae00000,0x00000000eaed0000,0x00000000eaf00000)
  to   space 1024K, 0% used [0x00000000ead00000,0x00000000ead00000,0x00000000eae00000)
 ParOldGen       total 132608K, used 130019K [0x00000000c0000000, 0x00000000c8180000, 0x00000000eab00000)
  object space 132608K, 98% used [0x00000000c0000000,0x00000000c7ef8f30,0x00000000c8180000)
 Metaspace       used 84006K, committed 85120K, reserved 1130496K
  class space    used 9833K, committed 10368K, reserved 1048576K
}
Event: 323.327 GC heap before
{Heap before GC invocations=716 (full 23):
 PSYoungGen      total 3072K, used 2880K [0x00000000eab00000, 0x00000000eaf00000, 0x0000000100000000)
  eden space 2048K, 100% used [0x00000000eab00000,0x00000000ead00000,0x00000000ead00000)
  from space 1024K, 81% used [0x00000000eae00000,0x00000000eaed0000,0x00000000eaf00000)
  to   space 1024K, 0% used [0x00000000ead00000,0x00000000ead00000,0x00000000eae00000)
 ParOldGen       total 132608K, used 130019K [0x00000000c0000000, 0x00000000c8180000, 0x00000000eab00000)
  object space 132608K, 98% used [0x00000000c0000000,0x00000000c7ef8f30,0x00000000c8180000)
 Metaspace       used 84012K, committed 85184K, reserved 1130496K
  class space    used 9833K, committed 10368K, reserved 1048576K
}
Event: 323.328 GC heap after
{Heap after GC invocations=716 (full 23):
 PSYoungGen      total 3072K, used 774K [0x00000000eab00000, 0x00000000eaf00000, 0x0000000100000000)
  eden space 2048K, 0% used [0x00000000eab00000,0x00000000eab00000,0x00000000ead00000)
  from space 1024K, 75% used [0x00000000ead00000,0x00000000eadc1b98,0x00000000eae00000)
  to   space 1024K, 0% used [0x00000000eae00000,0x00000000eae00000,0x00000000eaf00000)
 ParOldGen       total 132608K, used 130699K [0x00000000c0000000, 0x00000000c8180000, 0x00000000eab00000)
  object space 132608K, 98% used [0x00000000c0000000,0x00000000c7fa2f40,0x00000000c8180000)
 Metaspace       used 84012K, committed 85184K, reserved 1130496K
  class space    used 9833K, committed 10368K, reserved 1048576K
}
Event: 323.349 GC heap before
{Heap before GC invocations=717 (full 23):
 PSYoungGen      total 3072K, used 2822K [0x00000000eab00000, 0x00000000eaf00000, 0x0000000100000000)
  eden space 2048K, 100% used [0x00000000eab00000,0x00000000ead00000,0x00000000ead00000)
  from space 1024K, 75% used [0x00000000ead00000,0x00000000eadc1b98,0x00000000eae00000)
  to   space 1024K, 0% used [0x00000000eae00000,0x00000000eae00000,0x00000000eaf00000)
 ParOldGen       total 132608K, used 130699K [0x00000000c0000000, 0x00000000c8180000, 0x00000000eab00000)
  object space 132608K, 98% used [0x00000000c0000000,0x00000000c7fa2f40,0x00000000c8180000)
 Metaspace       used 84155K, committed 85248K, reserved 1130496K
  class space    used 9849K, committed 10368K, reserved 1048576K
}
Event: 323.350 GC heap after
{Heap after GC invocations=717 (full 23):
 PSYoungGen      total 2560K, used 308K [0x00000000eab00000, 0x00000000eae80000, 0x0000000100000000)
  eden space 2048K, 0% used [0x00000000eab00000,0x00000000eab00000,0x00000000ead00000)
  from space 512K, 60% used [0x00000000eae00000,0x00000000eae4d200,0x00000000eae80000)
  to   space 512K, 0% used [0x00000000ead80000,0x00000000ead80000,0x00000000eae00000)
 ParOldGen       total 132608K, used 131058K [0x00000000c0000000, 0x00000000c8180000, 0x00000000eab00000)
  object space 132608K, 98% used [0x00000000c0000000,0x00000000c7ffcad8,0x00000000c8180000)
 Metaspace       used 84155K, committed 85248K, reserved 1130496K
  class space    used 9849K, committed 10368K, reserved 1048576K
}
Event: 323.354 GC heap before
{Heap before GC invocations=718 (full 23):
 PSYoungGen      total 2560K, used 2356K [0x00000000eab00000, 0x00000000eae80000, 0x0000000100000000)
  eden space 2048K, 100% used [0x00000000eab00000,0x00000000ead00000,0x00000000ead00000)
  from space 512K, 60% used [0x00000000eae00000,0x00000000eae4d200,0x00000000eae80000)
  to   space 512K, 0% used [0x00000000ead80000,0x00000000ead80000,0x00000000eae00000)
 ParOldGen       total 132608K, used 131058K [0x00000000c0000000, 0x00000000c8180000, 0x00000000eab00000)
  object space 132608K, 98% used [0x00000000c0000000,0x00000000c7ffcad8,0x00000000c8180000)
 Metaspace       used 84155K, committed 85248K, reserved 1130496K
  class space    used 9849K, committed 10368K, reserved 1048576K
}
Event: 323.355 GC heap after
{Heap after GC invocations=718 (full 23):
 PSYoungGen      total 2560K, used 512K [0x00000000eab00000, 0x00000000eb000000, 0x0000000100000000)
  eden space 2048K, 0% used [0x00000000eab00000,0x00000000eab00000,0x00000000ead00000)
  from space 512K, 100% used [0x00000000ead80000,0x00000000eae00000,0x00000000eae00000)
  to   space 1536K, 0% used [0x00000000eae80000,0x00000000eae80000,0x00000000eb000000)
 ParOldGen       total 132608K, used 131509K [0x00000000c0000000, 0x00000000c8180000, 0x00000000eab00000)
  object space 132608K, 99% used [0x00000000c0000000,0x00000000c806d688,0x00000000c8180000)
 Metaspace       used 84155K, committed 85248K, reserved 1130496K
  class space    used 9849K, committed 10368K, reserved 1048576K
}
Event: 323.359 GC heap before
{Heap before GC invocations=719 (full 23):
 PSYoungGen      total 2560K, used 2560K [0x00000000eab00000, 0x00000000eb000000, 0x0000000100000000)
  eden space 2048K, 100% used [0x00000000eab00000,0x00000000ead00000,0x00000000ead00000)
  from space 512K, 100% used [0x00000000ead80000,0x00000000eae00000,0x00000000eae00000)
  to   space 1536K, 0% used [0x00000000eae80000,0x00000000eae80000,0x00000000eb000000)
 ParOldGen       total 132608K, used 131509K [0x00000000c0000000, 0x00000000c8180000, 0x00000000eab00000)
  object space 132608K, 99% used [0x00000000c0000000,0x00000000c806d688,0x00000000c8180000)
 Metaspace       used 84155K, committed 85248K, reserved 1130496K
  class space    used 9849K, committed 10368K, reserved 1048576K
}
Event: 323.360 GC heap after
{Heap after GC invocations=719 (full 23):
 PSYoungGen      total 3072K, used 896K [0x00000000eab00000, 0x00000000eaf80000, 0x0000000100000000)
  eden space 2048K, 0% used [0x00000000eab00000,0x00000000eab00000,0x00000000ead00000)
  from space 1024K, 87% used [0x00000000eae80000,0x00000000eaf60000,0x00000000eaf80000)
  to   space 1024K, 0% used [0x00000000ead80000,0x00000000ead80000,0x00000000eae80000)
 ParOldGen       total 132608K, used 132037K [0x00000000c0000000, 0x00000000c8180000, 0x00000000eab00000)
  object space 132608K, 99% used [0x00000000c0000000,0x00000000c80f1688,0x00000000c8180000)
 Metaspace       used 84155K, committed 85248K, reserved 1130496K
  class space    used 9849K, committed 10368K, reserved 1048576K
}
Event: 324.109 GC heap before
{Heap before GC invocations=720 (full 23):
 PSYoungGen      total 3072K, used 2944K [0x00000000eab00000, 0x00000000eaf80000, 0x0000000100000000)
  eden space 2048K, 100% used [0x00000000eab00000,0x00000000ead00000,0x00000000ead00000)
  from space 1024K, 87% used [0x00000000eae80000,0x00000000eaf60000,0x00000000eaf80000)
  to   space 1024K, 0% used [0x00000000ead80000,0x00000000ead80000,0x00000000eae80000)
 ParOldGen       total 132608K, used 132037K [0x00000000c0000000, 0x00000000c8180000, 0x00000000eab00000)
  object space 132608K, 99% used [0x00000000c0000000,0x00000000c80f1688,0x00000000c8180000)
 Metaspace       used 84157K, committed 85248K, reserved 1130496K
  class space    used 9849K, committed 10368K, reserved 1048576K
}
Event: 324.113 GC heap after
{Heap after GC invocations=720 (full 23):
 PSYoungGen      total 3072K, used 564K [0x00000000eab00000, 0x00000000eaf00000, 0x0000000100000000)
  eden space 2048K, 0% used [0x00000000eab00000,0x00000000eab00000,0x00000000ead00000)
  from space 1024K, 55% used [0x00000000ead80000,0x00000000eae0d200,0x00000000eae80000)
  to   space 512K, 0% used [0x00000000eae80000,0x00000000eae80000,0x00000000eaf00000)
 ParOldGen       total 133120K, used 132765K [0x00000000c0000000, 0x00000000c8200000, 0x00000000eab00000)
  object space 133120K, 99% used [0x00000000c0000000,0x00000000c81a7698,0x00000000c8200000)
 Metaspace       used 84157K, committed 85248K, reserved 1130496K
  class space    used 9849K, committed 10368K, reserved 1048576K
}
Event: 324.113 GC heap before
{Heap before GC invocations=721 (full 24):
 PSYoungGen      total 3072K, used 564K [0x00000000eab00000, 0x00000000eaf00000, 0x0000000100000000)
  eden space 2048K, 0% used [0x00000000eab00000,0x00000000eab00000,0x00000000ead00000)
  from space 1024K, 55% used [0x00000000ead80000,0x00000000eae0d200,0x00000000eae80000)
  to   space 512K, 0% used [0x00000000eae80000,0x00000000eae80000,0x00000000eaf00000)
 ParOldGen       total 133120K, used 132765K [0x00000000c0000000, 0x00000000c8200000, 0x00000000eab00000)
  object space 133120K, 99% used [0x00000000c0000000,0x00000000c81a7698,0x00000000c8200000)
 Metaspace       used 84157K, committed 85248K, reserved 1130496K
  class space    used 9849K, committed 10368K, reserved 1048576K
}
Event: 324.249 GC heap after
{Heap after GC invocations=721 (full 24):
 PSYoungGen      total 2560K, used 0K [0x00000000eab00000, 0x00000000eaf00000, 0x0000000100000000)
  eden space 2048K, 0% used [0x00000000eab00000,0x00000000eab00000,0x00000000ead00000)
  from space 512K, 0% used [0x00000000eae80000,0x00000000eae80000,0x00000000eaf00000)
  to   space 1024K, 0% used [0x00000000ead00000,0x00000000ead00000,0x00000000eae00000)
 ParOldGen       total 125440K, used 98119K [0x00000000c0000000, 0x00000000c7a80000, 0x00000000eab00000)
  object space 125440K, 78% used [0x00000000c0000000,0x00000000c5fd1d28,0x00000000c7a80000)
 Metaspace       used 84157K, committed 85248K, reserved 1130496K
  class space    used 9849K, committed 10368K, reserved 1048576K
}

